[dotenv@17.3.1] injecting env (2) from .env -- tip: 🔐 prevent building .env in docker: https://dotenvx.com/prebuild
[dotenv@17.3.1] injecting env (0) from .env -- tip: ⚙️  write to custom object with { processEnv: myObject }
Starting bot loop (every 4h for trend mode)...
════════════════════════════════════════════════════════════
EMA BOT V2 | Mode: TREND | LIVE
2026-03-11T13:03:34.452Z
════════════════════════════════════════════════════════════
⚠️  LIVE TRADING - REAL MONEY AT RISK

Account: $130.74
Daily PnL: $0.00

🔗 BTC REGIME: EXIT

--- LIQUIDATION ALERT ---
✓ All positions safe (>5% from liquidation)
---------------------


─── SOL ───
Price: $85.0935
Signal: SHORT
Reason: Price below EMA 200 ($90.37), slope ↘ falling
→ HOLDING: SHORT (PnL: 1.52%)

─── HYPE ───
Price: $35.4330
Signal: LONG
Reason: Price above EMA 200 ($30.34), slope ↗ rising
→ HOLDING: LONG (PnL: 2.67%)

─── GRASS ───
Price: $0.3606
Signal: LONG
Reason: Price above EMA 200 ($0.26), slope ↗ rising
→ HOLDING: LONG (PnL: 8.65%)

════════════════════════════════════════════════════════════
Run complete

BTC 5M SLOPE BOT (200 EMA + 0.01% slope)

📍 STATUS: WAITING
