[dotenv@17.3.1] injecting env (2) from .env -- tip: ⚙️  specify custom .env file path with { path: '/custom/path/.env' }
[dotenv@17.3.1] injecting env (0) from .env -- tip: ⚙️  load multiple .env files with { path: ['.env.local', '.env'] }
════════════════════════════════════════════════════════════
EMA BOT V2 | Mode: TREND | LIVE
2026-03-11T12:55:12.933Z
════════════════════════════════════════════════════════════
⚠️  LIVE TRADING - REAL MONEY AT RISK

Account: $130.89
Daily PnL: $0.00

🔗 BTC REGIME: EXIT

--- LIQUIDATION ALERT ---
✓ All positions safe (>5% from liquidation)
---------------------


─── SOL ───
Price: $85.1835
Signal: SHORT
Reason: Price below EMA 200 ($90.37), slope ↘ falling
→ HOLDING: SHORT (PnL: 1.42%)

─── HYPE ───
Price: $35.4925
Signal: LONG
Reason: Price above EMA 200 ($30.34), slope ↗ rising
→ HOLDING: LONG (PnL: 2.84%)

─── GRASS ───
Price: $0.3613
Signal: LONG
Reason: Price above EMA 200 ($0.26), slope ↗ rising
→ HOLDING: LONG (PnL: 8.86%)

════════════════════════════════════════════════════════════
Run complete

BTC 5M SLOPE BOT (200 EMA + 0.01% slope)

📍 STATUS: WAITING
