[dotenv@17.3.1] injecting env (2) from .env -- tip: 🔐 prevent building .env in docker: https://dotenvx.com/prebuild
[dotenv@17.3.1] injecting env (0) from .env -- tip: ⚙️  enable debug logging with { debug: true }
Starting BTC slope bot loop (every 5 minutes)...
════════════════════════════════════════════════════════════
BTC SLOPE BOT | 200 EMA 5m + 0.01% slope + 2% profit
2026-03-11T14:40:34.538Z
════════════════════════════════════════════════════════════
⚠️  LIVE TRADING - REAL MONEY AT RISK

Account: $134.78
BTC Price: $70687.50

EMA200: $69736.33
Slope: 0.058%


LONG Position:
  Entry: $70894.50
  Current: $70687.50
  Peak: $70894.50
  P&L: -0.29%

════════════════════════════════════════════════════════════

════════════════════════════════════════════════════════════
BTC SLOPE BOT | 200 EMA 5m + 0.01% slope + 2% profit
2026-03-11T14:45:34.637Z
════════════════════════════════════════════════════════════
⚠️  LIVE TRADING - REAL MONEY AT RISK

Account: $134.51
BTC Price: $70876.50

EMA200: $69743.48
Slope: 0.065%


LONG Position:
  Entry: $70894.50
  Current: $70876.50
  Peak: $70894.50
  P&L: -0.03%

════════════════════════════════════════════════════════════

════════════════════════════════════════════════════════════
BTC SLOPE BOT | 200 EMA 5m + 0.01% slope + 2% profit
2026-03-11T14:50:34.737Z
════════════════════════════════════════════════════════════
⚠️  LIVE TRADING - REAL MONEY AT RISK

Account: $133.02
BTC Price: $70707.50

EMA200: $69747.84
Slope: 0.065%


LONG Position:
  Entry: $70894.50
  Current: $70707.50
  Peak: $70894.50
  P&L: -0.26%

════════════════════════════════════════════════════════════

════════════════════════════════════════════════════════════
BTC SLOPE BOT | 200 EMA 5m + 0.01% slope + 2% profit
2026-03-11T14:55:34.836Z
════════════════════════════════════════════════════════════
⚠️  LIVE TRADING - REAL MONEY AT RISK

Account: $132.94
BTC Price: $70635.50

EMA200: $69752.97
Slope: 0.068%


LONG Position:
  Entry: $70894.50
  Current: $70635.50
  Peak: $70894.50
  P&L: -0.37%

════════════════════════════════════════════════════════════

════════════════════════════════════════════════════════════
BTC SLOPE BOT | 200 EMA 5m + 0.01% slope + 2% profit
2026-03-11T15:00:34.936Z
════════════════════════════════════════════════════════════
⚠️  LIVE TRADING - REAL MONEY AT RISK

Account: $134.58
BTC Price: $70569.50

EMA200: $69757.64
Slope: 0.069%


LONG Position:
  Entry: $70894.50
  Current: $70569.50
  Peak: $70894.50
  P&L: -0.46%

════════════════════════════════════════════════════════════

════════════════════════════════════════════════════════════
BTC SLOPE BOT | 200 EMA 5m + 0.01% slope + 2% profit
2026-03-11T15:05:35.036Z
════════════════════════════════════════════════════════════
⚠️  LIVE TRADING - REAL MONEY AT RISK

Account: $134.71
BTC Price: $70378.50

EMA200: $69759.57
Slope: 0.066%


LONG Position:
  Entry: $70894.50
  Current: $70378.50
  Peak: $70894.50
  P&L: -0.73%

════════════════════════════════════════════════════════════

════════════════════════════════════════════════════════════
BTC SLOPE BOT | 200 EMA 5m + 0.01% slope + 2% profit
2026-03-11T15:10:35.136Z
════════════════════════════════════════════════════════════
⚠️  LIVE TRADING - REAL MONEY AT RISK

Account: $134.17
BTC Price: $70314.00

EMA200: $69762.39
Slope: 0.064%


LONG Position:
  Entry: $70894.50
  Current: $70314.00
  Peak: $70894.50
  P&L: -0.82%

════════════════════════════════════════════════════════════

════════════════════════════════════════════════════════════
BTC SLOPE BOT | 200 EMA 5m + 0.01% slope + 2% profit
2026-03-11T15:15:35.224Z
════════════════════════════════════════════════════════════
⚠️  LIVE TRADING - REAL MONEY AT RISK

Account: $134.97
BTC Price: $70034.50

EMA200: $69762.39
Slope: 0.056%


LONG Position:
  Entry: $70894.50
  Current: $70034.50
  Peak: $70894.50
  P&L: -1.21%

════════════════════════════════════════════════════════════

════════════════════════════════════════════════════════════
BTC SLOPE BOT | 200 EMA 5m + 0.01% slope + 2% profit
2026-03-11T15:20:35.308Z
════════════════════════════════════════════════════════════
⚠️  LIVE TRADING - REAL MONEY AT RISK

Account: $134.72
BTC Price: $70241.50

EMA200: $69767.57
Slope: 0.057%


LONG Position:
  Entry: $70894.50
  Current: $70241.50
  Peak: $70894.50
  P&L: -0.92%

════════════════════════════════════════════════════════════

════════════════════════════════════════════════════════════
BTC SLOPE BOT | 200 EMA 5m + 0.01% slope + 2% profit
2026-03-11T15:25:35.408Z
════════════════════════════════════════════════════════════
⚠️  LIVE TRADING - REAL MONEY AT RISK

Account: $134.84
BTC Price: $70426.50

EMA200: $69773.31
Slope: 0.056%


LONG Position:
  Entry: $70894.50
  Current: $70426.50
  Peak: $70894.50
  P&L: -0.66%

════════════════════════════════════════════════════════════

════════════════════════════════════════════════════════════
BTC SLOPE BOT | 200 EMA 5m + 0.01% slope + 2% profit
2026-03-11T15:30:35.508Z
════════════════════════════════════════════════════════════
⚠️  LIVE TRADING - REAL MONEY AT RISK

Account: $132.61
BTC Price: $69985.50

EMA200: $69771.25
Slope: 0.045%


LONG Position:
  Entry: $70894.50
  Current: $69985.50
  Peak: $70894.50
  P&L: -1.28%

════════════════════════════════════════════════════════════

════════════════════════════════════════════════════════════
BTC SLOPE BOT | 200 EMA 5m + 0.01% slope + 2% profit
2026-03-11T15:35:35.608Z
════════════════════════════════════════════════════════════
⚠️  LIVE TRADING - REAL MONEY AT RISK

Account: $132.22
BTC Price: $69984.50

EMA200: $69772.77
Slope: 0.039%


LONG Position:
  Entry: $70894.50
  Current: $69984.50
  Peak: $70894.50
  P&L: -1.28%

════════════════════════════════════════════════════════════

════════════════════════════════════════════════════════════
BTC SLOPE BOT | 200 EMA 5m + 0.01% slope + 2% profit
2026-03-11T15:40:35.708Z
════════════════════════════════════════════════════════════
⚠️  LIVE TRADING - REAL MONEY AT RISK

Account: $131.96
BTC Price: $70129.50

EMA200: $69776.85
Slope: 0.037%


LONG Position:
  Entry: $70894.50
  Current: $70129.50
  Peak: $70894.50
  P&L: -1.08%

════════════════════════════════════════════════════════════

════════════════════════════════════════════════════════════
BTC SLOPE BOT | 200 EMA 5m + 0.01% slope + 2% profit
2026-03-11T15:45:35.771Z
════════════════════════════════════════════════════════════
⚠️  LIVE TRADING - REAL MONEY AT RISK

Account: $131.37
BTC Price: $70010.50

EMA200: $69777.35
Slope: 0.031%


LONG Position:
  Entry: $70894.50
  Current: $70010.50
  Peak: $70894.50
  P&L: -1.25%

════════════════════════════════════════════════════════════

