[2026-03-09T13:14:37.055Z] === POSITION MONITOR STARTED ===
[2026-03-09T13:14:37.055Z] Symbol: HYPE
[2026-03-09T13:14:37.055Z] EMA: 5/20
[2026-03-09T13:14:37.055Z] Trail: 5%
[2026-03-09T13:14:38.107Z] New high: $32.0495, trail stop: $30.4470
[2026-03-09T13:14:38.107Z] STATUS: price=$32.0495 | EMA=LONG (2.50%) | pnl=$0.12 | trail=$30.45
[2026-03-09T13:15:38.977Z] STATUS: price=$32.0410 | EMA=LONG (2.49%) | pnl=$0.21 | trail=$30.45
[2026-03-09T13:16:39.830Z] New high: $32.0505, trail stop: $30.4480
[2026-03-09T13:16:39.830Z] STATUS: price=$32.0505 | EMA=LONG (2.50%) | pnl=$0.18 | trail=$30.45
[2026-03-09T13:17:40.744Z] STATUS: price=$32.0100 | EMA=LONG (2.46%) | pnl=$0.11 | trail=$30.45
[2026-03-09T13:18:41.694Z] STATUS: price=$31.9990 | EMA=LONG (2.45%) | pnl=$0.07 | trail=$30.45
[2026-03-09T13:19:42.521Z] STATUS: price=$31.9165 | EMA=LONG (2.39%) | pnl=$-0.05 | trail=$30.45
[2026-03-09T13:20:43.412Z] STATUS: price=$31.9025 | EMA=LONG (2.38%) | pnl=$-0.09 | trail=$30.45
[2026-03-09T13:21:44.453Z] STATUS: price=$31.9300 | EMA=LONG (2.41%) | pnl=$-0.06 | trail=$30.45
[2026-03-09T13:22:45.699Z] STATUS: price=$31.9435 | EMA=LONG (2.41%) | pnl=$-0.05 | trail=$30.45
[2026-03-09T13:23:47.209Z] STATUS: price=$31.9075 | EMA=LONG (2.39%) | pnl=$-0.09 | trail=$30.45
[2026-03-09T13:24:48.067Z] STATUS: price=$31.8175 | EMA=LONG (2.32%) | pnl=$-0.26 | trail=$30.45
[2026-03-09T13:25:49.014Z] STATUS: price=$31.9315 | EMA=LONG (2.41%) | pnl=$-0.05 | trail=$30.45
[2026-03-09T13:26:49.868Z] STATUS: price=$31.9895 | EMA=LONG (2.45%) | pnl=$0.06 | trail=$30.45
[2026-03-09T13:27:51.318Z] New high: $32.1295, trail stop: $30.5230
[2026-03-09T13:27:51.319Z] STATUS: price=$32.1295 | EMA=LONG (2.56%) | pnl=$0.32 | trail=$30.52
[2026-03-09T13:28:52.214Z] New high: $32.2075, trail stop: $30.5971
[2026-03-09T13:28:52.214Z] STATUS: price=$32.2075 | EMA=LONG (2.62%) | pnl=$0.46 | trail=$30.60
[2026-03-09T13:29:53.116Z] STATUS: price=$32.1925 | EMA=LONG (2.60%) | pnl=$0.45 | trail=$30.60
[2026-03-09T13:30:54.015Z] STATUS: price=$32.1785 | EMA=LONG (2.59%) | pnl=$0.34 | trail=$30.60
[2026-03-09T13:31:54.910Z] STATUS: price=$32.1925 | EMA=LONG (2.61%) | pnl=$0.44 | trail=$30.60
[2026-03-09T13:32:55.799Z] New high: $32.2205, trail stop: $30.6095
[2026-03-09T13:32:55.800Z] STATUS: price=$32.2205 | EMA=LONG (2.63%) | pnl=$0.51 | trail=$30.61
[2026-03-09T13:33:56.649Z] New high: $32.3615, trail stop: $30.7434
[2026-03-09T13:33:56.649Z] STATUS: price=$32.3615 | EMA=LONG (2.74%) | pnl=$0.76 | trail=$30.74
