[2026-03-09T12:43:13.433Z] === TRAILING STOP MONITOR STARTED ===
[2026-03-09T12:43:13.434Z] Symbol: BTC
[2026-03-09T12:43:13.434Z] Initial stop: $68500
[2026-03-09T12:43:13.434Z] Trail distance: $300
[2026-03-09T12:43:13.458Z] Loaded state: stop=$68500, lowest=$none
[2026-03-09T12:43:14.048Z] TRAILING: price=$68195.50, moving stop $68500 → $68495.50
[dotenv@17.3.1] injecting env (2) from .env -- tip: ⚙️  load multiple .env files with { path: ['.env.local', '.env'] }
[2026-03-09T12:43:51.389Z] === TRAILING STOP MONITOR STARTED ===
[2026-03-09T12:43:51.389Z] === TRAILING STOP MONITOR STARTED ===
[2026-03-09T12:43:51.390Z] Symbol: BTC
[2026-03-09T12:43:51.390Z] Symbol: BTC
[2026-03-09T12:43:51.390Z] Initial stop: $68500
[2026-03-09T12:43:51.390Z] Initial stop: $68500
[2026-03-09T12:43:51.390Z] Trail distance: $300
[2026-03-09T12:43:51.390Z] Trail distance: $300
[2026-03-09T12:43:51.419Z] Loaded state: stop=$68495.5, lowest=$68195.5
[2026-03-09T12:43:51.419Z] Loaded state: stop=$68495.5, lowest=$68195.5
[2026-03-09T12:43:52.072Z] TRAILING: price=$68140.50, moving stop $68495.5 → $68440.50
[2026-03-09T12:43:52.072Z] TRAILING: price=$68140.50, moving stop $68495.5 → $68440.50
[2026-03-09T12:44:07.637Z] === TRAILING STOP MONITOR STARTED ===
[2026-03-09T12:44:07.638Z] Symbol: BTC
[2026-03-09T12:44:07.638Z] Initial stop: $68500
[2026-03-09T12:44:07.638Z] Trail distance: $300
[2026-03-09T12:44:07.661Z] Loaded state: stop=$68440.5, lowest=$68140.5
[2026-03-09T12:44:08.347Z] TRAILING: price=$68130.50, moving stop $68440.5 → $68430.50
[2026-03-09T12:44:25.075Z] TRAILING: price=$68107.50, moving stop $68430.5 → $68407.50
[2026-03-09T12:44:31.061Z] STATUS: price=$68107.50, stop=$68407.5, dist=$300.00, pnl=$2.53
[2026-03-09T12:44:53.772Z] TRAILING: price=$68102.50, moving stop $68407.5 → $68402.50
[2026-03-09T12:44:55.640Z] === TRAILING STOP MONITOR STARTED ===
[2026-03-09T12:44:55.641Z] Symbol: BTC
[2026-03-09T12:44:55.641Z] Initial stop: $68500
[2026-03-09T12:44:55.641Z] Trail distance: $1000
[2026-03-09T12:44:55.666Z] Loaded state: stop=$68500, lowest=$none
[2026-03-09T12:45:02.528Z] STATUS: price=$68105.00, stop=$68500, dist=$395.00, pnl=$2.57
[2026-03-09T12:45:13.286Z] === TRAILING STOP MONITOR STARTED ===
[2026-03-09T12:45:13.287Z] Symbol: BTC
[2026-03-09T12:45:13.287Z] Initial stop: $68500
[2026-03-09T12:45:13.287Z] Trail distance: $1000
[2026-03-09T12:45:13.313Z] Loaded state: stop=$68500, lowest=$68102.5
[2026-03-09T12:45:30.831Z] STATUS: price=$68091.50, stop=$68500, dist=$408.50, pnl=$2.85
[2026-03-09T12:45:32.938Z] TRAILING: price=$68083.50, moving stop $68402.5 → $68383.50
[2026-03-09T12:45:32.938Z] STATUS: price=$68083.50, stop=$68383.5, dist=$300.00, pnl=$2.91
[2026-03-09T12:46:00.752Z] STATUS: price=$68124.00, stop=$68383.5, dist=$259.50, pnl=$2.24
[2026-03-09T12:46:04.857Z] STATUS: price=$68139.50, stop=$68500, dist=$360.50, pnl=$1.90
[2026-03-09T12:46:33.394Z] STATUS: price=$68100.50, stop=$68500, dist=$399.50, pnl=$2.63
[2026-03-09T12:46:34.894Z] STATUS: price=$68099.50, stop=$68383.5, dist=$284.00, pnl=$2.63
[2026-03-09T12:47:01.389Z] STATUS: price=$68104.50, stop=$68500, dist=$395.50, pnl=$2.55
[2026-03-09T12:47:02.994Z] STATUS: price=$68104.50, stop=$68383.5, dist=$279.00, pnl=$2.55
[2026-03-09T12:47:30.872Z] STATUS: price=$68097.50, stop=$68383.5, dist=$286.00, pnl=$2.67
[2026-03-09T12:48:03.512Z] STATUS: price=$68097.50, stop=$68500, dist=$402.50, pnl=$2.67
[2026-03-09T12:48:04.802Z] STATUS: price=$68099.50, stop=$68383.5, dist=$284.00, pnl=$2.67
[2026-03-09T12:48:31.341Z] STATUS: price=$68093.50, stop=$68500, dist=$406.50, pnl=$2.80
[2026-03-09T12:48:33.645Z] STATUS: price=$68093.50, stop=$68383.5, dist=$290.00, pnl=$2.80
[2026-03-09T12:48:50.416Z] TRAILING: price=$68079.50, moving stop $68383.5 → $68379.50
[2026-03-09T12:48:55.984Z] TRAILING: price=$68069.50, moving stop $68379.5 → $68369.50
[2026-03-09T12:49:01.531Z] STATUS: price=$68074.50, stop=$68369.5, dist=$295.00, pnl=$3.24
[2026-03-09T12:49:32.954Z] STATUS: price=$68103.50, stop=$68500, dist=$396.50, pnl=$2.61
[2026-03-09T12:50:01.119Z] STATUS: price=$68084.00, stop=$68500, dist=$416.00, pnl=$2.91
[2026-03-09T12:50:03.261Z] STATUS: price=$68073.50, stop=$68369.5, dist=$296.00, pnl=$3.02
[2026-03-09T12:50:08.869Z] TRAILING: price=$68068.50, moving stop $68369.5 → $68368.50
[2026-03-09T12:50:14.528Z] TRAILING: price=$68048.50, moving stop $68368.5 → $68348.50
[2026-03-09T12:50:20.209Z] TRAILING: price=$68040.50, moving stop $68348.5 → $68340.50
[2026-03-09T12:50:25.836Z] TRAILING: price=$68033.50, moving stop $68340.5 → $68333.50
[2026-03-09T12:50:31.426Z] STATUS: price=$68041.50, stop=$68333.5, dist=$292.00, pnl=$3.73
[2026-03-09T12:50:42.634Z] TRAILING: price=$68008.50, moving stop $68333.5 → $68308.50
[2026-03-09T12:51:03.322Z] STATUS: price=$68048.50, stop=$68500, dist=$451.50, pnl=$3.48
[2026-03-09T12:51:04.938Z] STATUS: price=$68048.50, stop=$68308.5, dist=$260.00, pnl=$3.60
[2026-03-09T12:51:31.960Z] STATUS: price=$68058.50, stop=$68500, dist=$441.50, pnl=$3.43
[2026-03-09T12:51:33.238Z] STATUS: price=$68058.50, stop=$68308.5, dist=$250.00, pnl=$3.43
[2026-03-09T12:52:00.103Z] STATUS: price=$68081.50, stop=$68500, dist=$418.50, pnl=$3.02
[2026-03-09T12:52:01.414Z] STATUS: price=$68083.00, stop=$68308.5, dist=$225.50, pnl=$3.02
[2026-03-09T12:52:33.496Z] STATUS: price=$68082.50, stop=$68500, dist=$417.50, pnl=$2.94
[2026-03-09T12:52:34.988Z] STATUS: price=$68084.50, stop=$68308.5, dist=$224.00, pnl=$2.93
[2026-03-09T12:53:02.209Z] STATUS: price=$68066.50, stop=$68500, dist=$433.50, pnl=$3.50
[2026-03-09T12:53:03.517Z] STATUS: price=$68062.50, stop=$68308.5, dist=$246.00, pnl=$3.50
[2026-03-09T12:53:32.007Z] STATUS: price=$68087.50, stop=$68308.5, dist=$221.00, pnl=$2.72
[2026-03-09T12:54:00.034Z] STATUS: price=$68083.50, stop=$68308.5, dist=$225.00, pnl=$2.93
[2026-03-09T12:54:03.746Z] STATUS: price=$68083.50, stop=$68500, dist=$416.50, pnl=$2.93
[2026-03-09T12:54:32.508Z] STATUS: price=$68056.50, stop=$68500, dist=$443.50, pnl=$3.43
[2026-03-09T12:54:33.549Z] STATUS: price=$68053.50, stop=$68308.5, dist=$255.00, pnl=$3.43
[2026-03-09T12:55:00.404Z] STATUS: price=$68048.50, stop=$68500, dist=$451.50, pnl=$3.71
[2026-03-09T12:55:01.954Z] STATUS: price=$68070.50, stop=$68308.5, dist=$238.00, pnl=$3.19
[2026-03-09T12:55:34.549Z] STATUS: price=$68101.50, stop=$68500, dist=$398.50, pnl=$2.72
[2026-03-09T12:56:02.936Z] STATUS: price=$68080.50, stop=$68500, dist=$419.50, pnl=$3.07
[2026-03-09T12:56:03.813Z] STATUS: price=$68080.50, stop=$68308.5, dist=$228.00, pnl=$3.07
[2026-03-09T12:56:30.729Z] STATUS: price=$68077.50, stop=$68500, dist=$422.50, pnl=$3.06
[2026-03-09T12:56:31.837Z] STATUS: price=$68077.50, stop=$68308.5, dist=$231.00, pnl=$3.06
[2026-03-09T12:57:00.527Z] STATUS: price=$68107.50, stop=$68308.5, dist=$201.00, pnl=$2.50
[2026-03-09T12:57:04.403Z] STATUS: price=$68107.50, stop=$68500, dist=$392.50, pnl=$2.50
[2026-03-09T12:57:32.751Z] STATUS: price=$68146.50, stop=$68500, dist=$353.50, pnl=$1.79
[2026-03-09T12:57:34.905Z] STATUS: price=$68146.50, stop=$68308.5, dist=$162.00, pnl=$1.79
[2026-03-09T12:58:01.494Z] STATUS: price=$68134.00, stop=$68500, dist=$366.00, pnl=$2.22
[2026-03-09T12:58:02.851Z] STATUS: price=$68124.50, stop=$68308.5, dist=$184.00, pnl=$2.13
[2026-03-09T12:58:30.081Z] STATUS: price=$68141.50, stop=$68500, dist=$358.50, pnl=$1.81
[2026-03-09T12:58:31.380Z] STATUS: price=$68139.50, stop=$68308.5, dist=$169.00, pnl=$1.90
[2026-03-09T12:59:04.294Z] STATUS: price=$68172.50, stop=$68500, dist=$327.50, pnl=$1.34
[2026-03-09T12:59:32.154Z] STATUS: price=$68150.50, stop=$68500, dist=$349.50, pnl=$1.83
[2026-03-09T12:59:33.073Z] STATUS: price=$68150.50, stop=$68308.5, dist=$158.00, pnl=$1.83
[2026-03-09T13:00:00.083Z] STATUS: price=$68134.50, stop=$68500, dist=$365.50, pnl=$1.99
[2026-03-09T13:00:01.317Z] STATUS: price=$68134.50, stop=$68308.5, dist=$174.00, pnl=$1.99
[2026-03-09T13:00:34.043Z] STATUS: price=$68136.50, stop=$68500, dist=$363.50, pnl=$2.03
[2026-03-09T13:01:02.685Z] STATUS: price=$68153.50, stop=$68500, dist=$346.50, pnl=$1.86
[2026-03-09T13:01:03.425Z] STATUS: price=$68153.50, stop=$68308.5, dist=$155.00, pnl=$1.62
[2026-03-09T13:01:30.834Z] STATUS: price=$68140.50, stop=$68500, dist=$359.50, pnl=$1.88
[2026-03-09T13:01:31.586Z] STATUS: price=$68148.50, stop=$68308.5, dist=$160.00, pnl=$1.88
[2026-03-09T13:02:04.429Z] STATUS: price=$68163.50, stop=$68500, dist=$336.50, pnl=$1.49
[2026-03-09T13:02:32.526Z] STATUS: price=$68200.50, stop=$68500, dist=$299.50, pnl=$0.77
[2026-03-09T13:02:33.949Z] STATUS: price=$68196.50, stop=$68308.5, dist=$112.00, pnl=$0.77
[2026-03-09T13:03:00.620Z] STATUS: price=$68218.50, stop=$68500, dist=$281.50, pnl=$0.43
[2026-03-09T13:03:02.532Z] STATUS: price=$68216.50, stop=$68308.5, dist=$92.00, pnl=$0.43
[2026-03-09T13:03:30.271Z] STATUS: price=$68195.50, stop=$68308.5, dist=$113.00, pnl=$0.91
[2026-03-09T13:03:34.280Z] STATUS: price=$68200.50, stop=$68500, dist=$299.50, pnl=$0.77
[2026-03-09T13:04:02.694Z] STATUS: price=$68207.50, stop=$68500, dist=$292.50, pnl=$0.51
[2026-03-09T13:04:03.906Z] STATUS: price=$68205.00, stop=$68308.5, dist=$103.50, pnl=$0.69
[2026-03-09T13:04:30.708Z] STATUS: price=$68206.50, stop=$68500, dist=$293.50, pnl=$0.69
[2026-03-09T13:04:32.047Z] STATUS: price=$68206.50, stop=$68308.5, dist=$102.00, pnl=$0.69
[2026-03-09T13:05:00.072Z] STATUS: price=$68235.50, stop=$68308.5, dist=$73.00, pnl=$0.15
[2026-03-09T13:05:04.425Z] STATUS: price=$68238.50, stop=$68500, dist=$261.50, pnl=$0.15
[2026-03-09T13:05:33.101Z] STATUS: price=$68252.50, stop=$68500, dist=$247.50, pnl=$-0.11
[2026-03-09T13:05:34.093Z] STATUS: price=$68252.50, stop=$68308.5, dist=$56.00, pnl=$-0.18
[2026-03-09T13:06:00.864Z] STATUS: price=$68283.50, stop=$68500, dist=$216.50, pnl=$-0.78
[2026-03-09T13:06:01.960Z] STATUS: price=$68284.50, stop=$68308.5, dist=$24.00, pnl=$-0.78
[2026-03-09T13:07:03.827Z] STATUS: price=$68241.50, stop=$68500, dist=$258.50, pnl=$0.00
[2026-03-09T13:07:04.514Z] STATUS: price=$68241.50, stop=$68308.5, dist=$67.00, pnl=$0.00
[2026-03-09T13:07:31.704Z] STATUS: price=$68230.50, stop=$68500, dist=$269.50, pnl=$0.28
[2026-03-09T13:07:32.473Z] STATUS: price=$68230.50, stop=$68308.5, dist=$78.00, pnl=$0.28
[2026-03-09T13:08:00.684Z] STATUS: price=$68239.50, stop=$68308.5, dist=$69.00, pnl=$0.04
[2026-03-09T13:08:34.131Z] STATUS: price=$68230.50, stop=$68500, dist=$269.50, pnl=$0.23
[2026-03-09T13:08:34.510Z] STATUS: price=$68231.50, stop=$68308.5, dist=$77.00, pnl=$0.23
[2026-03-09T13:09:02.031Z] STATUS: price=$68227.50, stop=$68500, dist=$272.50, pnl=$0.26
[2026-03-09T13:09:02.388Z] STATUS: price=$68227.50, stop=$68308.5, dist=$81.00, pnl=$0.26
[2026-03-09T13:09:30.815Z] STATUS: price=$68220.50, stop=$68500, dist=$279.50, pnl=$0.34
[2026-03-09T13:09:30.847Z] STATUS: price=$68220.50, stop=$68308.5, dist=$88.00, pnl=$0.34
[2026-03-09T13:10:04.453Z] STATUS: price=$68261.50, stop=$68500, dist=$238.50, pnl=$-0.33
[2026-03-09T13:10:32.601Z] STATUS: price=$68332.50, stop=$68500, dist=$167.50, pnl=$-1.11
[2026-03-09T13:10:33.957Z] STOP LOSS TRIGGERED at $68400.50 (stop was $68308.5)
[2026-03-09T13:10:33.957Z] Position PnL: $-1.25
[2026-03-09T13:10:33.957Z] CLOSING POSITION: BUY 0.01862 BTC
[2026-03-09T13:10:36.750Z] Close result: {"status":"ok","response":{"type":"order","data":{"statuses":[{"filled":{"totalSz":"0.01862","avgPx":"68404.0","oid":343195580613}}]}}}
[2026-03-09T13:10:36.750Z] === TRAILING STOP MONITOR ENDED ===
[2026-03-09T13:10:38.132Z] No position found - stopping monitor
[2026-03-09T13:10:38.133Z] === TRAILING STOP MONITOR ENDED ===
